0 info it worked if it ends with ok
1 verbose cli [ '/usr/bin/node', '/usr/bin/npm', 'publish' ]
2 info using npm@3.10.10
3 info using node@v6.11.1
4 verbose publish [ '.' ]
5 silly cache add args [ '.', null ]
6 verbose cache add spec .
7 silly cache add parsed spec Result {
7 silly cache add   raw: '.',
7 silly cache add   scope: null,
7 silly cache add   escapedName: null,
7 silly cache add   name: null,
7 silly cache add   rawSpec: '.',
7 silly cache add   spec: '/root/.node-red/custom_nodes/node-red-contrib-mssql-ps',
7 silly cache add   type: 'directory' }
8 verbose addLocalDirectory /root/.npm/node-red-contrib-mssql-ps/1.1.0/package.tgz not in flight; packing
9 verbose correctMkdir /root/.npm correctMkdir not in flight; initializing
10 info lifecycle node-red-contrib-mssql-ps@1.1.0~prepublish: node-red-contrib-mssql-ps@1.1.0
11 silly lifecycle node-red-contrib-mssql-ps@1.1.0~prepublish: no script for prepublish, continuing
12 verbose tar pack [ '/root/.npm/node-red-contrib-mssql-ps/1.1.0/package.tgz',
12 verbose tar pack   '/root/.node-red/custom_nodes/node-red-contrib-mssql-ps' ]
13 verbose tarball /root/.npm/node-red-contrib-mssql-ps/1.1.0/package.tgz
14 verbose folder /root/.node-red/custom_nodes/node-red-contrib-mssql-ps
15 verbose addLocalTarball adding from inside cache /root/.npm/node-red-contrib-mssql-ps/1.1.0/package.tgz
16 verbose correctMkdir /root/.npm correctMkdir not in flight; initializing
17 silly cache afterAdd node-red-contrib-mssql-ps@1.1.0
18 verbose afterAdd /root/.npm/node-red-contrib-mssql-ps/1.1.0/package/package.json not in flight; writing
19 verbose correctMkdir /root/.npm correctMkdir not in flight; initializing
20 verbose afterAdd /root/.npm/node-red-contrib-mssql-ps/1.1.0/package/package.json written
21 silly publish { author: { name: 'Adam Sage' },
21 silly publish   bugs: { url: 'https://github.com/atsage/node-red-contrib-mssql-ps/issues' },
21 silly publish   name: 'node-red-contrib-mssql-ps',
21 silly publish   version: '1.1.0',
21 silly publish   description: 'Execute MSSQL Prepared Statements from Node-RED',
21 silly publish   dependencies: { mssql: '4.*' },
21 silly publish   license: 'MIT',
21 silly publish   repository:
21 silly publish    { type: 'git',
21 silly publish      url: 'git+https://github.com/atsage/node-red-contrib-mssql-ps.git' },
21 silly publish   keywords: [ 'node-red', 'MSSQL', 'Prepared Statement' ],
21 silly publish   'node-red':
21 silly publish    { nodes:
21 silly publish       { 'node-red-contrib-mssql-ps': 'mssql-ps/mssql-ps.js',
21 silly publish         'mssql-ps-serverconf': 'mssql-ps/mssql-ps-serverconf.js' } },
21 silly publish   readme: 'This node was created to execute prepared statements from Node-RED using the node.js node mssql. Pass in the parameters for the prepared statement as an object in `msg.params` Ex:\r\n```\r\nmsg.params = {\r\n    id:1,\r\n    name:"John Doe"\r\n}\r\n```\r\nParameter object names must match parameters set up in the Prepared Statement and can be any string. Depending on the parameter type selected there may be options required. In the SQL Statement reference parameters by using @(parameter name) Ex:\r\n```\r\nSELECT *\r\nFROM users\r\nWHERE userid = @id OR name = @name;\r\n```',
21 silly publish   readmeFilename: 'README.md',
21 silly publish   gitHead: 'fddf892f301d22edc29b13e0812c3bc9bd74b8fb',
21 silly publish   homepage: 'https://github.com/atsage/node-red-contrib-mssql-ps#readme',
21 silly publish   _id: 'node-red-contrib-mssql-ps@1.1.0',
21 silly publish   scripts: {},
21 silly publish   _shasum: '99ddb8b172ba00fd650f6edc779bc40b8b72e770',
21 silly publish   _from: '.' }
22 verbose getPublishConfig undefined
23 silly mapToRegistry name node-red-contrib-mssql-ps
24 silly mapToRegistry using default registry
25 silly mapToRegistry registry https://registry.npmjs.org/
26 silly mapToRegistry data Result {
26 silly mapToRegistry   raw: 'node-red-contrib-mssql-ps',
26 silly mapToRegistry   scope: null,
26 silly mapToRegistry   escapedName: 'node-red-contrib-mssql-ps',
26 silly mapToRegistry   name: 'node-red-contrib-mssql-ps',
26 silly mapToRegistry   rawSpec: '',
26 silly mapToRegistry   spec: 'latest',
26 silly mapToRegistry   type: 'tag' }
27 silly mapToRegistry uri https://registry.npmjs.org/node-red-contrib-mssql-ps
28 verbose publish registryBase https://registry.npmjs.org/
29 silly publish uploading /root/.npm/node-red-contrib-mssql-ps/1.1.0/package.tgz
30 verbose request uri https://registry.npmjs.org/node-red-contrib-mssql-ps
31 verbose request sending authorization for write operation
32 info attempt registry request try #1 at 11:32:48 AM
33 verbose request using bearer token for auth
34 verbose request id 8f91438707697e47
35 http request PUT https://registry.npmjs.org/node-red-contrib-mssql-ps
36 http 403 https://registry.npmjs.org/node-red-contrib-mssql-ps
37 verbose headers { 'content-type': 'application/json',
37 verbose headers   'cache-control': 'max-age=300',
37 verbose headers   'content-length': '91',
37 verbose headers   'accept-ranges': 'bytes',
37 verbose headers   date: 'Wed, 22 Nov 2017 16:32:50 GMT',
37 verbose headers   via: '1.1 varnish',
37 verbose headers   connection: 'keep-alive',
37 verbose headers   'x-served-by': 'cache-dca17726-DCA',
37 verbose headers   'x-cache': 'MISS',
37 verbose headers   'x-cache-hits': '0',
37 verbose headers   'x-timer': 'S1511368369.934107,VS0,VE1212',
37 verbose headers   vary: 'Accept-Encoding, Accept' }
38 verbose request invalidating /root/.npm/registry.npmjs.org/node-red-contrib-mssql-ps on PUT
39 error publish Failed PUT 403
40 verbose stack Error: You cannot publish over the previously published version 1.1.0. : node-red-contrib-mssql-ps
40 verbose stack     at makeError (/usr/lib/node_modules/npm/node_modules/npm-registry-client/lib/request.js:302:12)
40 verbose stack     at CachingRegistryClient.<anonymous> (/usr/lib/node_modules/npm/node_modules/npm-registry-client/lib/request.js:290:14)
40 verbose stack     at Request._callback (/usr/lib/node_modules/npm/node_modules/npm-registry-client/lib/request.js:210:14)
40 verbose stack     at Request.self.callback (/usr/lib/node_modules/npm/node_modules/request/request.js:187:22)
40 verbose stack     at emitTwo (events.js:106:13)
40 verbose stack     at Request.emit (events.js:191:7)
40 verbose stack     at Request.<anonymous> (/usr/lib/node_modules/npm/node_modules/request/request.js:1048:10)
40 verbose stack     at emitOne (events.js:96:13)
40 verbose stack     at Request.emit (events.js:188:7)
40 verbose stack     at IncomingMessage.<anonymous> (/usr/lib/node_modules/npm/node_modules/request/request.js:969:12)
41 verbose statusCode 403
42 verbose pkgid node-red-contrib-mssql-ps
43 verbose cwd /root/.node-red/custom_nodes/node-red-contrib-mssql-ps
44 error Linux 4.11.11-200.fc25.x86_64
45 error argv "/usr/bin/node" "/usr/bin/npm" "publish"
46 error node v6.11.1
47 error npm  v3.10.10
48 error code E403
49 error You cannot publish over the previously published version 1.1.0. : node-red-contrib-mssql-ps
50 error If you need help, you may report this error at:
50 error     <https://github.com/npm/npm/issues>
51 verbose exit [ 1, true ]
